<?xml version="1.0" encoding="UTF-8"?>
<!-- Generated by org.testng.reporters.JUnitReportReporter -->
<testsuite hostname="Debasish" failures="0" tests="1" name="in.debasish.testCases.AddRemoveItemBasketTest" time="15.151" errors="0" timestamp="2024-01-07T14:42:35 IST" skipped="0">
  <testcase classname="in.debasish.testCases.AddRemoveItemBasketTest" name="addRemoveItem" time="15.151"/>
</testsuite> <!-- in.debasish.testCases.AddRemoveItemBasketTest -->
