<?xml version="1.0" encoding="UTF-8"?>
<!-- Generated by org.testng.reporters.JUnitReportReporter -->
<testsuite hostname="Debasish" failures="0" tests="1" name="in.debasish.testCases.OrderCompleteTest" time="27.709" errors="0" timestamp="2024-01-07T14:42:35 IST" skipped="0">
  <testcase classname="in.debasish.testCases.OrderCompleteTest" name="endToEndTest" time="27.709"/>
</testsuite> <!-- in.debasish.testCases.OrderCompleteTest -->
