<?xml version="1.0" encoding="UTF-8"?>
<!-- Generated by org.testng.reporters.JUnitReportReporter -->
<testsuite hostname="Debasish" failures="0" tests="1" name="in.debasish.testCases.GetAllItemsTest" time="9.316" errors="0" timestamp="2024-02-29T20:52:05 IST" skipped="0">
  <testcase classname="in.debasish.testCases.GetAllItemsTest" name="getAlltheContent" time="9.316"/>
</testsuite> <!-- in.debasish.testCases.GetAllItemsTest -->
